<?xml version="1.0" encoding="UTF-8"?>
<!-- Generated by org.testng.reporters.JUnitXMLReporter -->
<testsuite ignored="1" hostname="TYP1517" failures="0" tests="2" name="chrome" time="45.717" errors="0" timestamp="2022-07-15T15:37:12 IST">
  <testcase classname="org.vtiger.campaigns.CreateCampaignsTest" name="createCampaignTest" time="18.114"/>
  <testcase classname="org.vtiger.campaigns.CreateCampaignWithProductTest" name="createCampaignWithProductTest" time="31.775"/>
  <testcase classname="org.tyss.genericUtility.BaseClass" name="@BeforeSuite suiteSetup" time="0.0">
    <ignored/>
  </testcase> <!-- @BeforeSuite suiteSetup -->
</testsuite> <!-- chrome -->
